2023-02-09T12:21:55+00:00 CRITICAL Uncaught Error: Call to undefined function post_id() in C:\wamp64\www\raselswedens\wp-content\themes\astra\template-parts\custom-product-page.php:41
Stack trace:
#0 C:\wamp64\www\raselswedens\wp-includes\template-loader.php(106): include()
#1 C:\wamp64\www\raselswedens\wp-blog-header.php(19): require_once('C:\\wamp64\\www\\r...')
#2 C:\wamp64\www\raselswedens\index.php(17): require('C:\\wamp64\\www\\r...')
#3 {main}
  thrown in C:\wamp64\www\raselswedens\wp-content\themes\astra\template-parts\custom-product-page.php on line 41

2023-02-09T12:30:05+00:00 CRITICAL Uncaught Error: Call to undefined method WC_Product_Simple::wc_price() in C:\wamp64\www\raselswedens\wp-content\themes\astra\template-parts\custom-product-page.php:44
Stack trace:
#0 C:\wamp64\www\raselswedens\wp-includes\template-loader.php(106): include()
#1 C:\wamp64\www\raselswedens\wp-blog-header.php(19): require_once('C:\\wamp64\\www\\r...')
#2 C:\wamp64\www\raselswedens\index.php(17): require('C:\\wamp64\\www\\r...')
#3 {main}
  thrown in C:\wamp64\www\raselswedens\wp-content\themes\astra\template-parts\custom-product-page.php on line 44

2023-02-09T12:35:25+00:00 CRITICAL Uncaught Error: Call to undefined method WC_Product_Simple::wc_price() in C:\wamp64\www\raselswedens\wp-content\themes\astra\template-parts\custom-product-page.php:44
Stack trace:
#0 C:\wamp64\www\raselswedens\wp-includes\template-loader.php(106): include()
#1 C:\wamp64\www\raselswedens\wp-blog-header.php(19): require_once('C:\\wamp64\\www\\r...')
#2 C:\wamp64\www\raselswedens\index.php(17): require('C:\\wamp64\\www\\r...')
#3 {main}
  thrown in C:\wamp64\www\raselswedens\wp-content\themes\astra\template-parts\custom-product-page.php on line 44

2023-02-09T13:40:57+00:00 CRITICAL Uncaught Error: Call to undefined method WC_Product_Simple::get_available_variations() in C:\wamp64\www\raselswedens\wp-content\themes\astra\template-parts\custom-product-page.php:38
Stack trace:
#0 C:\wamp64\www\raselswedens\wp-includes\template-loader.php(106): include()
#1 C:\wamp64\www\raselswedens\wp-blog-header.php(19): require_once('C:\\wamp64\\www\\r...')
#2 C:\wamp64\www\raselswedens\index.php(17): require('C:\\wamp64\\www\\r...')
#3 {main}
  thrown in C:\wamp64\www\raselswedens\wp-content\themes\astra\template-parts\custom-product-page.php on line 38

2023-02-09T13:42:07+00:00 CRITICAL Uncaught Error: Call to undefined method WC_Product_Simple::get_available_variations() in C:\wamp64\www\raselswedens\wp-content\themes\astra\template-parts\custom-product-page.php:38
Stack trace:
#0 C:\wamp64\www\raselswedens\wp-includes\template-loader.php(106): include()
#1 C:\wamp64\www\raselswedens\wp-blog-header.php(19): require_once('C:\\wamp64\\www\\r...')
#2 C:\wamp64\www\raselswedens\index.php(17): require('C:\\wamp64\\www\\r...')
#3 {main}
  thrown in C:\wamp64\www\raselswedens\wp-content\themes\astra\template-parts\custom-product-page.php on line 38

2023-02-09T13:43:15+00:00 CRITICAL Uncaught Error: Call to undefined method WC_Product_Simple::get_available_variations() in C:\wamp64\www\raselswedens\wp-content\themes\astra\template-parts\custom-product-page.php:39
Stack trace:
#0 C:\wamp64\www\raselswedens\wp-includes\template-loader.php(106): include()
#1 C:\wamp64\www\raselswedens\wp-blog-header.php(19): require_once('C:\\wamp64\\www\\r...')
#2 C:\wamp64\www\raselswedens\index.php(17): require('C:\\wamp64\\www\\r...')
#3 {main}
  thrown in C:\wamp64\www\raselswedens\wp-content\themes\astra\template-parts\custom-product-page.php on line 39

2023-02-09T13:45:03+00:00 CRITICAL Uncaught Error: Call to undefined method WC_Product_Simple::get_available_variations() in C:\wamp64\www\raselswedens\wp-content\themes\astra\template-parts\custom-product-page.php:39
Stack trace:
#0 C:\wamp64\www\raselswedens\wp-includes\template-loader.php(106): include()
#1 C:\wamp64\www\raselswedens\wp-blog-header.php(19): require_once('C:\\wamp64\\www\\r...')
#2 C:\wamp64\www\raselswedens\index.php(17): require('C:\\wamp64\\www\\r...')
#3 {main}
  thrown in C:\wamp64\www\raselswedens\wp-content\themes\astra\template-parts\custom-product-page.php on line 39

2023-02-09T13:46:11+00:00 CRITICAL Uncaught Error: Call to undefined method WC_Product_Simple::get_available_variations() in C:\wamp64\www\raselswedens\wp-content\themes\astra\template-parts\custom-product-page.php:39
Stack trace:
#0 C:\wamp64\www\raselswedens\wp-includes\template-loader.php(106): include()
#1 C:\wamp64\www\raselswedens\wp-blog-header.php(19): require_once('C:\\wamp64\\www\\r...')
#2 C:\wamp64\www\raselswedens\index.php(17): require('C:\\wamp64\\www\\r...')
#3 {main}
  thrown in C:\wamp64\www\raselswedens\wp-content\themes\astra\template-parts\custom-product-page.php on line 39

2023-02-09T14:12:51+00:00 CRITICAL Uncaught Error: Call to undefined method WC_Product_Variable::get_the_terms() in C:\wamp64\www\raselswedens\wp-content\themes\astra\template-parts\custom-product-page.php:41
Stack trace:
#0 C:\wamp64\www\raselswedens\wp-includes\template-loader.php(106): include()
#1 C:\wamp64\www\raselswedens\wp-blog-header.php(19): require_once('C:\\wamp64\\www\\r...')
#2 C:\wamp64\www\raselswedens\index.php(17): require('C:\\wamp64\\www\\r...')
#3 {main}
  thrown in C:\wamp64\www\raselswedens\wp-content\themes\astra\template-parts\custom-product-page.php on line 41

2023-02-09T14:13:12+00:00 CRITICAL Uncaught Error: Call to a member function get_the_terms() on null in C:\wamp64\www\raselswedens\wp-content\themes\astra\template-parts\custom-product-page.php:41
Stack trace:
#0 C:\wamp64\www\raselswedens\wp-includes\template-loader.php(106): include()
#1 C:\wamp64\www\raselswedens\wp-blog-header.php(19): require_once('C:\\wamp64\\www\\r...')
#2 C:\wamp64\www\raselswedens\index.php(17): require('C:\\wamp64\\www\\r...')
#3 {main}
  thrown in C:\wamp64\www\raselswedens\wp-content\themes\astra\template-parts\custom-product-page.php on line 41

2023-02-09T14:13:27+00:00 CRITICAL Uncaught Error: Call to a member function get_the_terms() on null in C:\wamp64\www\raselswedens\wp-content\themes\astra\template-parts\custom-product-page.php:41
Stack trace:
#0 C:\wamp64\www\raselswedens\wp-includes\template-loader.php(106): include()
#1 C:\wamp64\www\raselswedens\wp-blog-header.php(19): require_once('C:\\wamp64\\www\\r...')
#2 C:\wamp64\www\raselswedens\index.php(17): require('C:\\wamp64\\www\\r...')
#3 {main}
  thrown in C:\wamp64\www\raselswedens\wp-content\themes\astra\template-parts\custom-product-page.php on line 41

