2023-02-16T06:01:07+00:00 CRITICAL Uncaught Error: Object of class WP_Error could not be converted to string in C:\wamp64\www\raselswedens\wp-content\themes\astra\template-parts\custom-product-page.php:33
Stack trace:
#0 C:\wamp64\www\raselswedens\wp-includes\template-loader.php(106): include()
#1 C:\wamp64\www\raselswedens\wp-blog-header.php(19): require_once('C:\\wamp64\\www\\r...')
#2 C:\wamp64\www\raselswedens\index.php(17): require('C:\\wamp64\\www\\r...')
#3 {main}
  thrown in C:\wamp64\www\raselswedens\wp-content\themes\astra\template-parts\custom-product-page.php on line 33

2023-02-16T06:01:51+00:00 CRITICAL Uncaught Error: Function name must be a string in C:\wamp64\www\raselswedens\wp-content\themes\astra\template-parts\custom-product-page.php:33
Stack trace:
#0 C:\wamp64\www\raselswedens\wp-includes\template-loader.php(106): include()
#1 C:\wamp64\www\raselswedens\wp-blog-header.php(19): require_once('C:\\wamp64\\www\\r...')
#2 C:\wamp64\www\raselswedens\index.php(17): require('C:\\wamp64\\www\\r...')
#3 {main}
  thrown in C:\wamp64\www\raselswedens\wp-content\themes\astra\template-parts\custom-product-page.php on line 33

2023-02-16T12:38:23+00:00 CRITICAL Uncaught Error: Using $this when not in object context in C:\wamp64\www\raselswedens\wp-content\themes\astra\template-parts\custom-product-page.php:71
Stack trace:
#0 C:\wamp64\www\raselswedens\wp-includes\template-loader.php(106): include()
#1 C:\wamp64\www\raselswedens\wp-blog-header.php(19): require_once('C:\\wamp64\\www\\r...')
#2 C:\wamp64\www\raselswedens\index.php(17): require('C:\\wamp64\\www\\r...')
#3 {main}
  thrown in C:\wamp64\www\raselswedens\wp-content\themes\astra\template-parts\custom-product-page.php on line 71

2023-02-16T12:38:58+00:00 CRITICAL Uncaught Error: Using $this when not in object context in C:\wamp64\www\raselswedens\wp-content\themes\astra\template-parts\custom-product-page.php:71
Stack trace:
#0 C:\wamp64\www\raselswedens\wp-includes\template-loader.php(106): include()
#1 C:\wamp64\www\raselswedens\wp-blog-header.php(19): require_once('C:\\wamp64\\www\\r...')
#2 C:\wamp64\www\raselswedens\index.php(17): require('C:\\wamp64\\www\\r...')
#3 {main}
  thrown in C:\wamp64\www\raselswedens\wp-content\themes\astra\template-parts\custom-product-page.php on line 71

2023-02-16T13:39:23+00:00 CRITICAL Uncaught Error: Call to undefined method WC_Product_Simple::get_available_variations() in C:\wamp64\www\raselswedens\wp-content\themes\astra\template-parts\custom-product-page.php:214
Stack trace:
#0 C:\wamp64\www\raselswedens\wp-includes\template-loader.php(106): include()
#1 C:\wamp64\www\raselswedens\wp-blog-header.php(19): require_once('C:\\wamp64\\www\\r...')
#2 C:\wamp64\www\raselswedens\index.php(17): require('C:\\wamp64\\www\\r...')
#3 {main}
  thrown in C:\wamp64\www\raselswedens\wp-content\themes\astra\template-parts\custom-product-page.php on line 214

