2023-02-05T05:41:55+00:00 CRITICAL Uncaught Exception: Invalid data: {"data":["Array","Array","Array"],"element":"Array"} in /Users/rasel/Sites/SwedensChoice/wp-content/plugins/elementor/core/base/document.php:951
Stack trace:
#0 /Users/rasel/Sites/SwedensChoice/wp-content/plugins/astra-sites/inc/importers/batch-processing/class-astra-sites-batch-processing-elementor.php(122): Elementor\Core\Base\Document->get_elements_raw_data(Array, true)
#1 /Users/rasel/Sites/SwedensChoice/wp-content/plugins/astra-sites/inc/importers/batch-processing/class-astra-sites-batch-processing-elementor.php(66): Elementor\TemplateLibrary\Astra_Sites_Batch_Processing_Elementor->import_single_post(225)
#2 /Users/rasel/Sites/SwedensChoice/wp-content/plugins/astra-sites/inc/importers/batch-processing/helpers/class-wp-background-process-astra.php(41): Elementor\TemplateLibrary\Astra_Sites_Batch_Processing_Elementor->import()
#3 /Users/rasel/Sites/SwedensChoice/wp-content/plugins/astra-addon/classes/library/batch-processing/wp-background-process.php(294): WP_Background_Process_Astra->task(Object(Elementor\TemplateLibrary\Astra_Sites_Batch_Processing_Elementor))
#4 /Users/rasel/Sites/SwedensChoice/wp-content/plugins/astra-addon/classes/library/batch-processing/wp-background-process.php(177): WP_Background_Process->handle()
#5 /Users/rasel/Sites/SwedensChoice/wp-includes/class-wp-hook.php(308): WP_Background_Process->maybe_handle('')
#6 /Users/rasel/Sites/SwedensChoice/wp-includes/class-wp-hook.php(332): WP_Hook->apply_filters('', Array)
#7 /Users/rasel/Sites/SwedensChoice/wp-includes/plugin.php(517): WP_Hook->do_action(Array)
#8 /Users/rasel/Sites/SwedensChoice/wp-admin/admin-ajax.php(188): do_action('wp_ajax_wp_imag...')
#9 {main}
  thrown in /Users/rasel/Sites/SwedensChoice/wp-content/plugins/elementor/core/base/document.php on line 951

2023-02-05T05:44:21+00:00 CRITICAL Uncaught Exception: Invalid data: {"data":["Array","Array","Array"],"element":"Array"} in /Users/rasel/Sites/SwedensChoice/wp-content/plugins/elementor/core/base/document.php:951
Stack trace:
#0 /Users/rasel/Sites/SwedensChoice/wp-content/plugins/astra-sites/inc/importers/batch-processing/class-astra-sites-batch-processing-elementor.php(122): Elementor\Core\Base\Document->get_elements_raw_data(Array, true)
#1 /Users/rasel/Sites/SwedensChoice/wp-content/plugins/astra-sites/inc/importers/batch-processing/class-astra-sites-batch-processing-elementor.php(66): Elementor\TemplateLibrary\Astra_Sites_Batch_Processing_Elementor->import_single_post(225)
#2 /Users/rasel/Sites/SwedensChoice/wp-content/plugins/astra-sites/inc/importers/batch-processing/helpers/class-wp-background-process-astra.php(41): Elementor\TemplateLibrary\Astra_Sites_Batch_Processing_Elementor->import()
#3 /Users/rasel/Sites/SwedensChoice/wp-content/plugins/astra-addon/classes/library/batch-processing/wp-background-process.php(294): WP_Background_Process_Astra->task(Object(Elementor\TemplateLibrary\Astra_Sites_Batch_Processing_Elementor))
#4 /Users/rasel/Sites/SwedensChoice/wp-content/plugins/astra-addon/classes/library/batch-processing/wp-background-process.php(440): WP_Background_Process->handle()
#5 /Users/rasel/Sites/SwedensChoice/wp-includes/class-wp-hook.php(308): WP_Background_Process->handle_cron_healthcheck()
#6 /Users/rasel/Sites/SwedensChoice/wp-includes/class-wp-hook.php(332): WP_Hook->apply_filters('', Array)
#7 /Users/rasel/Sites/SwedensChoice/wp-includes/plugin.php(565): WP_Hook->do_action(Array)
#8 /Users/rasel/Sites/SwedensChoice/wp-cron.php(188): do_action_ref_array('wp_image_proces...', Array)
#9 {main}
  thrown in /Users/rasel/Sites/SwedensChoice/wp-content/plugins/elementor/core/base/document.php on line 951

2023-02-05T05:47:10+00:00 CRITICAL Uncaught Exception: Invalid data: {"data":["Array","Array","Array"],"element":"Array"} in /Users/rasel/Sites/SwedensChoice/wp-content/plugins/elementor/core/base/document.php:951
Stack trace:
#0 /Users/rasel/Sites/SwedensChoice/wp-content/plugins/astra-sites/inc/importers/batch-processing/class-astra-sites-batch-processing-elementor.php(122): Elementor\Core\Base\Document->get_elements_raw_data(Array, true)
#1 /Users/rasel/Sites/SwedensChoice/wp-content/plugins/astra-sites/inc/importers/batch-processing/class-astra-sites-batch-processing-elementor.php(66): Elementor\TemplateLibrary\Astra_Sites_Batch_Processing_Elementor->import_single_post(225)
#2 /Users/rasel/Sites/SwedensChoice/wp-content/plugins/astra-sites/inc/importers/batch-processing/helpers/class-wp-background-process-astra.php(41): Elementor\TemplateLibrary\Astra_Sites_Batch_Processing_Elementor->import()
#3 /Users/rasel/Sites/SwedensChoice/wp-content/plugins/astra-addon/classes/library/batch-processing/wp-background-process.php(294): WP_Background_Process_Astra->task(Object(Elementor\TemplateLibrary\Astra_Sites_Batch_Processing_Elementor))
#4 /Users/rasel/Sites/SwedensChoice/wp-content/plugins/astra-addon/classes/library/batch-processing/wp-background-process.php(440): WP_Background_Process->handle()
#5 /Users/rasel/Sites/SwedensChoice/wp-includes/class-wp-hook.php(308): WP_Background_Process->handle_cron_healthcheck()
#6 /Users/rasel/Sites/SwedensChoice/wp-includes/class-wp-hook.php(332): WP_Hook->apply_filters('', Array)
#7 /Users/rasel/Sites/SwedensChoice/wp-includes/plugin.php(565): WP_Hook->do_action(Array)
#8 /Users/rasel/Sites/SwedensChoice/wp-cron.php(188): do_action_ref_array('wp_image_proces...', Array)
#9 {main}
  thrown in /Users/rasel/Sites/SwedensChoice/wp-content/plugins/elementor/core/base/document.php on line 951

2023-02-05T05:51:13+00:00 CRITICAL Uncaught Exception: Invalid data: {"data":["Array","Array","Array"],"element":"Array"} in /Users/rasel/Sites/SwedensChoice/wp-content/plugins/elementor/core/base/document.php:951
Stack trace:
#0 /Users/rasel/Sites/SwedensChoice/wp-content/plugins/astra-sites/inc/importers/batch-processing/class-astra-sites-batch-processing-elementor.php(122): Elementor\Core\Base\Document->get_elements_raw_data(Array, true)
#1 /Users/rasel/Sites/SwedensChoice/wp-content/plugins/astra-sites/inc/importers/batch-processing/class-astra-sites-batch-processing-elementor.php(66): Elementor\TemplateLibrary\Astra_Sites_Batch_Processing_Elementor->import_single_post(225)
#2 /Users/rasel/Sites/SwedensChoice/wp-content/plugins/astra-sites/inc/importers/batch-processing/helpers/class-wp-background-process-astra.php(41): Elementor\TemplateLibrary\Astra_Sites_Batch_Processing_Elementor->import()
#3 /Users/rasel/Sites/SwedensChoice/wp-content/plugins/astra-addon/classes/library/batch-processing/wp-background-process.php(294): WP_Background_Process_Astra->task(Object(Elementor\TemplateLibrary\Astra_Sites_Batch_Processing_Elementor))
#4 /Users/rasel/Sites/SwedensChoice/wp-content/plugins/astra-addon/classes/library/batch-processing/wp-background-process.php(440): WP_Background_Process->handle()
#5 /Users/rasel/Sites/SwedensChoice/wp-includes/class-wp-hook.php(308): WP_Background_Process->handle_cron_healthcheck()
#6 /Users/rasel/Sites/SwedensChoice/wp-includes/class-wp-hook.php(332): WP_Hook->apply_filters('', Array)
#7 /Users/rasel/Sites/SwedensChoice/wp-includes/plugin.php(565): WP_Hook->do_action(Array)
#8 /Users/rasel/Sites/SwedensChoice/wp-cron.php(188): do_action_ref_array('wp_image_proces...', Array)
#9 {main}
  thrown in /Users/rasel/Sites/SwedensChoice/wp-content/plugins/elementor/core/base/document.php on line 951

2023-02-05T05:57:14+00:00 CRITICAL Uncaught Exception: Invalid data: {"data":["Array","Array","Array"],"element":"Array"} in /Users/rasel/Sites/SwedensChoice/wp-content/plugins/elementor/core/base/document.php:951
Stack trace:
#0 /Users/rasel/Sites/SwedensChoice/wp-content/plugins/astra-sites/inc/importers/batch-processing/class-astra-sites-batch-processing-elementor.php(122): Elementor\Core\Base\Document->get_elements_raw_data(Array, true)
#1 /Users/rasel/Sites/SwedensChoice/wp-content/plugins/astra-sites/inc/importers/batch-processing/class-astra-sites-batch-processing-elementor.php(66): Elementor\TemplateLibrary\Astra_Sites_Batch_Processing_Elementor->import_single_post(225)
#2 /Users/rasel/Sites/SwedensChoice/wp-content/plugins/astra-sites/inc/importers/batch-processing/helpers/class-wp-background-process-astra.php(41): Elementor\TemplateLibrary\Astra_Sites_Batch_Processing_Elementor->import()
#3 /Users/rasel/Sites/SwedensChoice/wp-content/plugins/astra-addon/classes/library/batch-processing/wp-background-process.php(294): WP_Background_Process_Astra->task(Object(Elementor\TemplateLibrary\Astra_Sites_Batch_Processing_Elementor))
#4 /Users/rasel/Sites/SwedensChoice/wp-content/plugins/astra-addon/classes/library/batch-processing/wp-background-process.php(440): WP_Background_Process->handle()
#5 /Users/rasel/Sites/SwedensChoice/wp-includes/class-wp-hook.php(308): WP_Background_Process->handle_cron_healthcheck()
#6 /Users/rasel/Sites/SwedensChoice/wp-includes/class-wp-hook.php(332): WP_Hook->apply_filters('', Array)
#7 /Users/rasel/Sites/SwedensChoice/wp-includes/plugin.php(565): WP_Hook->do_action(Array)
#8 /Users/rasel/Sites/SwedensChoice/wp-cron.php(188): do_action_ref_array('wp_image_proces...', Array)
#9 {main}
  thrown in /Users/rasel/Sites/SwedensChoice/wp-content/plugins/elementor/core/base/document.php on line 951

2023-02-05T06:01:15+00:00 CRITICAL Uncaught Exception: Invalid data: {"data":["Array","Array","Array"],"element":"Array"} in /Users/rasel/Sites/SwedensChoice/wp-content/plugins/elementor/core/base/document.php:951
Stack trace:
#0 /Users/rasel/Sites/SwedensChoice/wp-content/plugins/astra-sites/inc/importers/batch-processing/class-astra-sites-batch-processing-elementor.php(122): Elementor\Core\Base\Document->get_elements_raw_data(Array, true)
#1 /Users/rasel/Sites/SwedensChoice/wp-content/plugins/astra-sites/inc/importers/batch-processing/class-astra-sites-batch-processing-elementor.php(66): Elementor\TemplateLibrary\Astra_Sites_Batch_Processing_Elementor->import_single_post(225)
#2 /Users/rasel/Sites/SwedensChoice/wp-content/plugins/astra-sites/inc/importers/batch-processing/helpers/class-wp-background-process-astra.php(41): Elementor\TemplateLibrary\Astra_Sites_Batch_Processing_Elementor->import()
#3 /Users/rasel/Sites/SwedensChoice/wp-content/plugins/astra-addon/classes/library/batch-processing/wp-background-process.php(294): WP_Background_Process_Astra->task(Object(Elementor\TemplateLibrary\Astra_Sites_Batch_Processing_Elementor))
#4 /Users/rasel/Sites/SwedensChoice/wp-content/plugins/astra-addon/classes/library/batch-processing/wp-background-process.php(440): WP_Background_Process->handle()
#5 /Users/rasel/Sites/SwedensChoice/wp-includes/class-wp-hook.php(308): WP_Background_Process->handle_cron_healthcheck()
#6 /Users/rasel/Sites/SwedensChoice/wp-includes/class-wp-hook.php(332): WP_Hook->apply_filters('', Array)
#7 /Users/rasel/Sites/SwedensChoice/wp-includes/plugin.php(565): WP_Hook->do_action(Array)
#8 /Users/rasel/Sites/SwedensChoice/wp-cron.php(188): do_action_ref_array('wp_image_proces...', Array)
#9 {main}
  thrown in /Users/rasel/Sites/SwedensChoice/wp-content/plugins/elementor/core/base/document.php on line 951

2023-02-05T06:07:17+00:00 CRITICAL Uncaught Exception: Invalid data: {"data":["Array","Array","Array"],"element":"Array"} in /Users/rasel/Sites/SwedensChoice/wp-content/plugins/elementor/core/base/document.php:951
Stack trace:
#0 /Users/rasel/Sites/SwedensChoice/wp-content/plugins/astra-sites/inc/importers/batch-processing/class-astra-sites-batch-processing-elementor.php(122): Elementor\Core\Base\Document->get_elements_raw_data(Array, true)
#1 /Users/rasel/Sites/SwedensChoice/wp-content/plugins/astra-sites/inc/importers/batch-processing/class-astra-sites-batch-processing-elementor.php(66): Elementor\TemplateLibrary\Astra_Sites_Batch_Processing_Elementor->import_single_post(225)
#2 /Users/rasel/Sites/SwedensChoice/wp-content/plugins/astra-sites/inc/importers/batch-processing/helpers/class-wp-background-process-astra.php(41): Elementor\TemplateLibrary\Astra_Sites_Batch_Processing_Elementor->import()
#3 /Users/rasel/Sites/SwedensChoice/wp-content/plugins/astra-addon/classes/library/batch-processing/wp-background-process.php(294): WP_Background_Process_Astra->task(Object(Elementor\TemplateLibrary\Astra_Sites_Batch_Processing_Elementor))
#4 /Users/rasel/Sites/SwedensChoice/wp-content/plugins/astra-addon/classes/library/batch-processing/wp-background-process.php(440): WP_Background_Process->handle()
#5 /Users/rasel/Sites/SwedensChoice/wp-includes/class-wp-hook.php(308): WP_Background_Process->handle_cron_healthcheck()
#6 /Users/rasel/Sites/SwedensChoice/wp-includes/class-wp-hook.php(332): WP_Hook->apply_filters('', Array)
#7 /Users/rasel/Sites/SwedensChoice/wp-includes/plugin.php(565): WP_Hook->do_action(Array)
#8 /Users/rasel/Sites/SwedensChoice/wp-cron.php(188): do_action_ref_array('wp_image_proces...', Array)
#9 {main}
  thrown in /Users/rasel/Sites/SwedensChoice/wp-content/plugins/elementor/core/base/document.php on line 951

2023-02-05T06:11:20+00:00 CRITICAL Uncaught Exception: Invalid data: {"data":["Array","Array","Array"],"element":"Array"} in /Users/rasel/Sites/SwedensChoice/wp-content/plugins/elementor/core/base/document.php:951
Stack trace:
#0 /Users/rasel/Sites/SwedensChoice/wp-content/plugins/astra-sites/inc/importers/batch-processing/class-astra-sites-batch-processing-elementor.php(122): Elementor\Core\Base\Document->get_elements_raw_data(Array, true)
#1 /Users/rasel/Sites/SwedensChoice/wp-content/plugins/astra-sites/inc/importers/batch-processing/class-astra-sites-batch-processing-elementor.php(66): Elementor\TemplateLibrary\Astra_Sites_Batch_Processing_Elementor->import_single_post(225)
#2 /Users/rasel/Sites/SwedensChoice/wp-content/plugins/astra-sites/inc/importers/batch-processing/helpers/class-wp-background-process-astra.php(41): Elementor\TemplateLibrary\Astra_Sites_Batch_Processing_Elementor->import()
#3 /Users/rasel/Sites/SwedensChoice/wp-content/plugins/astra-addon/classes/library/batch-processing/wp-background-process.php(294): WP_Background_Process_Astra->task(Object(Elementor\TemplateLibrary\Astra_Sites_Batch_Processing_Elementor))
#4 /Users/rasel/Sites/SwedensChoice/wp-content/plugins/astra-addon/classes/library/batch-processing/wp-background-process.php(440): WP_Background_Process->handle()
#5 /Users/rasel/Sites/SwedensChoice/wp-includes/class-wp-hook.php(308): WP_Background_Process->handle_cron_healthcheck()
#6 /Users/rasel/Sites/SwedensChoice/wp-includes/class-wp-hook.php(332): WP_Hook->apply_filters('', Array)
#7 /Users/rasel/Sites/SwedensChoice/wp-includes/plugin.php(565): WP_Hook->do_action(Array)
#8 /Users/rasel/Sites/SwedensChoice/wp-cron.php(188): do_action_ref_array('wp_image_proces...', Array)
#9 {main}
  thrown in /Users/rasel/Sites/SwedensChoice/wp-content/plugins/elementor/core/base/document.php on line 951

2023-02-05T06:17:24+00:00 CRITICAL Uncaught Exception: Invalid data: {"data":["Array","Array","Array"],"element":"Array"} in /Users/rasel/Sites/SwedensChoice/wp-content/plugins/elementor/core/base/document.php:951
Stack trace:
#0 /Users/rasel/Sites/SwedensChoice/wp-content/plugins/astra-sites/inc/importers/batch-processing/class-astra-sites-batch-processing-elementor.php(122): Elementor\Core\Base\Document->get_elements_raw_data(Array, true)
#1 /Users/rasel/Sites/SwedensChoice/wp-content/plugins/astra-sites/inc/importers/batch-processing/class-astra-sites-batch-processing-elementor.php(66): Elementor\TemplateLibrary\Astra_Sites_Batch_Processing_Elementor->import_single_post(225)
#2 /Users/rasel/Sites/SwedensChoice/wp-content/plugins/astra-sites/inc/importers/batch-processing/helpers/class-wp-background-process-astra.php(41): Elementor\TemplateLibrary\Astra_Sites_Batch_Processing_Elementor->import()
#3 /Users/rasel/Sites/SwedensChoice/wp-content/plugins/astra-addon/classes/library/batch-processing/wp-background-process.php(294): WP_Background_Process_Astra->task(Object(Elementor\TemplateLibrary\Astra_Sites_Batch_Processing_Elementor))
#4 /Users/rasel/Sites/SwedensChoice/wp-content/plugins/astra-addon/classes/library/batch-processing/wp-background-process.php(440): WP_Background_Process->handle()
#5 /Users/rasel/Sites/SwedensChoice/wp-includes/class-wp-hook.php(308): WP_Background_Process->handle_cron_healthcheck()
#6 /Users/rasel/Sites/SwedensChoice/wp-includes/class-wp-hook.php(332): WP_Hook->apply_filters('', Array)
#7 /Users/rasel/Sites/SwedensChoice/wp-includes/plugin.php(565): WP_Hook->do_action(Array)
#8 /Users/rasel/Sites/SwedensChoice/wp-cron.php(188): do_action_ref_array('wp_image_proces...', Array)
#9 {main}
  thrown in /Users/rasel/Sites/SwedensChoice/wp-content/plugins/elementor/core/base/document.php on line 951

2023-02-05T06:21:25+00:00 CRITICAL Uncaught Exception: Invalid data: {"data":["Array","Array","Array"],"element":"Array"} in /Users/rasel/Sites/SwedensChoice/wp-content/plugins/elementor/core/base/document.php:951
Stack trace:
#0 /Users/rasel/Sites/SwedensChoice/wp-content/plugins/astra-sites/inc/importers/batch-processing/class-astra-sites-batch-processing-elementor.php(122): Elementor\Core\Base\Document->get_elements_raw_data(Array, true)
#1 /Users/rasel/Sites/SwedensChoice/wp-content/plugins/astra-sites/inc/importers/batch-processing/class-astra-sites-batch-processing-elementor.php(66): Elementor\TemplateLibrary\Astra_Sites_Batch_Processing_Elementor->import_single_post(225)
#2 /Users/rasel/Sites/SwedensChoice/wp-content/plugins/astra-sites/inc/importers/batch-processing/helpers/class-wp-background-process-astra.php(41): Elementor\TemplateLibrary\Astra_Sites_Batch_Processing_Elementor->import()
#3 /Users/rasel/Sites/SwedensChoice/wp-content/plugins/astra-addon/classes/library/batch-processing/wp-background-process.php(294): WP_Background_Process_Astra->task(Object(Elementor\TemplateLibrary\Astra_Sites_Batch_Processing_Elementor))
#4 /Users/rasel/Sites/SwedensChoice/wp-content/plugins/astra-addon/classes/library/batch-processing/wp-background-process.php(440): WP_Background_Process->handle()
#5 /Users/rasel/Sites/SwedensChoice/wp-includes/class-wp-hook.php(308): WP_Background_Process->handle_cron_healthcheck()
#6 /Users/rasel/Sites/SwedensChoice/wp-includes/class-wp-hook.php(332): WP_Hook->apply_filters('', Array)
#7 /Users/rasel/Sites/SwedensChoice/wp-includes/plugin.php(565): WP_Hook->do_action(Array)
#8 /Users/rasel/Sites/SwedensChoice/wp-cron.php(188): do_action_ref_array('wp_image_proces...', Array)
#9 {main}
  thrown in /Users/rasel/Sites/SwedensChoice/wp-content/plugins/elementor/core/base/document.php on line 951

2023-02-05T06:27:31+00:00 CRITICAL Uncaught Exception: Invalid data: {"data":["Array","Array","Array"],"element":"Array"} in /Users/rasel/Sites/SwedensChoice/wp-content/plugins/elementor/core/base/document.php:951
Stack trace:
#0 /Users/rasel/Sites/SwedensChoice/wp-content/plugins/astra-sites/inc/importers/batch-processing/class-astra-sites-batch-processing-elementor.php(122): Elementor\Core\Base\Document->get_elements_raw_data(Array, true)
#1 /Users/rasel/Sites/SwedensChoice/wp-content/plugins/astra-sites/inc/importers/batch-processing/class-astra-sites-batch-processing-elementor.php(66): Elementor\TemplateLibrary\Astra_Sites_Batch_Processing_Elementor->import_single_post(225)
#2 /Users/rasel/Sites/SwedensChoice/wp-content/plugins/astra-sites/inc/importers/batch-processing/helpers/class-wp-background-process-astra.php(41): Elementor\TemplateLibrary\Astra_Sites_Batch_Processing_Elementor->import()
#3 /Users/rasel/Sites/SwedensChoice/wp-content/plugins/astra-addon/classes/library/batch-processing/wp-background-process.php(294): WP_Background_Process_Astra->task(Object(Elementor\TemplateLibrary\Astra_Sites_Batch_Processing_Elementor))
#4 /Users/rasel/Sites/SwedensChoice/wp-content/plugins/astra-addon/classes/library/batch-processing/wp-background-process.php(440): WP_Background_Process->handle()
#5 /Users/rasel/Sites/SwedensChoice/wp-includes/class-wp-hook.php(308): WP_Background_Process->handle_cron_healthcheck()
#6 /Users/rasel/Sites/SwedensChoice/wp-includes/class-wp-hook.php(332): WP_Hook->apply_filters('', Array)
#7 /Users/rasel/Sites/SwedensChoice/wp-includes/plugin.php(565): WP_Hook->do_action(Array)
#8 /Users/rasel/Sites/SwedensChoice/wp-cron.php(188): do_action_ref_array('wp_image_proces...', Array)
#9 {main}
  thrown in /Users/rasel/Sites/SwedensChoice/wp-content/plugins/elementor/core/base/document.php on line 951

2023-02-05T06:31:38+00:00 CRITICAL Uncaught Exception: Invalid data: {"data":["Array","Array","Array"],"element":"Array"} in /Users/rasel/Sites/SwedensChoice/wp-content/plugins/elementor/core/base/document.php:951
Stack trace:
#0 /Users/rasel/Sites/SwedensChoice/wp-content/plugins/astra-sites/inc/importers/batch-processing/class-astra-sites-batch-processing-elementor.php(122): Elementor\Core\Base\Document->get_elements_raw_data(Array, true)
#1 /Users/rasel/Sites/SwedensChoice/wp-content/plugins/astra-sites/inc/importers/batch-processing/class-astra-sites-batch-processing-elementor.php(66): Elementor\TemplateLibrary\Astra_Sites_Batch_Processing_Elementor->import_single_post(225)
#2 /Users/rasel/Sites/SwedensChoice/wp-content/plugins/astra-sites/inc/importers/batch-processing/helpers/class-wp-background-process-astra.php(41): Elementor\TemplateLibrary\Astra_Sites_Batch_Processing_Elementor->import()
#3 /Users/rasel/Sites/SwedensChoice/wp-content/plugins/astra-addon/classes/library/batch-processing/wp-background-process.php(294): WP_Background_Process_Astra->task(Object(Elementor\TemplateLibrary\Astra_Sites_Batch_Processing_Elementor))
#4 /Users/rasel/Sites/SwedensChoice/wp-content/plugins/astra-addon/classes/library/batch-processing/wp-background-process.php(440): WP_Background_Process->handle()
#5 /Users/rasel/Sites/SwedensChoice/wp-includes/class-wp-hook.php(308): WP_Background_Process->handle_cron_healthcheck()
#6 /Users/rasel/Sites/SwedensChoice/wp-includes/class-wp-hook.php(332): WP_Hook->apply_filters('', Array)
#7 /Users/rasel/Sites/SwedensChoice/wp-includes/plugin.php(565): WP_Hook->do_action(Array)
#8 /Users/rasel/Sites/SwedensChoice/wp-cron.php(188): do_action_ref_array('wp_image_proces...', Array)
#9 {main}
  thrown in /Users/rasel/Sites/SwedensChoice/wp-content/plugins/elementor/core/base/document.php on line 951

2023-02-05T06:37:45+00:00 CRITICAL Uncaught Exception: Invalid data: {"data":["Array","Array","Array"],"element":"Array"} in /Users/rasel/Sites/SwedensChoice/wp-content/plugins/elementor/core/base/document.php:951
Stack trace:
#0 /Users/rasel/Sites/SwedensChoice/wp-content/plugins/astra-sites/inc/importers/batch-processing/class-astra-sites-batch-processing-elementor.php(122): Elementor\Core\Base\Document->get_elements_raw_data(Array, true)
#1 /Users/rasel/Sites/SwedensChoice/wp-content/plugins/astra-sites/inc/importers/batch-processing/class-astra-sites-batch-processing-elementor.php(66): Elementor\TemplateLibrary\Astra_Sites_Batch_Processing_Elementor->import_single_post(225)
#2 /Users/rasel/Sites/SwedensChoice/wp-content/plugins/astra-sites/inc/importers/batch-processing/helpers/class-wp-background-process-astra.php(41): Elementor\TemplateLibrary\Astra_Sites_Batch_Processing_Elementor->import()
#3 /Users/rasel/Sites/SwedensChoice/wp-content/plugins/astra-addon/classes/library/batch-processing/wp-background-process.php(294): WP_Background_Process_Astra->task(Object(Elementor\TemplateLibrary\Astra_Sites_Batch_Processing_Elementor))
#4 /Users/rasel/Sites/SwedensChoice/wp-content/plugins/astra-addon/classes/library/batch-processing/wp-background-process.php(440): WP_Background_Process->handle()
#5 /Users/rasel/Sites/SwedensChoice/wp-includes/class-wp-hook.php(308): WP_Background_Process->handle_cron_healthcheck()
#6 /Users/rasel/Sites/SwedensChoice/wp-includes/class-wp-hook.php(332): WP_Hook->apply_filters('', Array)
#7 /Users/rasel/Sites/SwedensChoice/wp-includes/plugin.php(565): WP_Hook->do_action(Array)
#8 /Users/rasel/Sites/SwedensChoice/wp-cron.php(188): do_action_ref_array('wp_image_proces...', Array)
#9 {main}
  thrown in /Users/rasel/Sites/SwedensChoice/wp-content/plugins/elementor/core/base/document.php on line 951

2023-02-05T06:41:51+00:00 CRITICAL Uncaught Exception: Invalid data: {"data":["Array","Array","Array"],"element":"Array"} in /Users/rasel/Sites/SwedensChoice/wp-content/plugins/elementor/core/base/document.php:951
Stack trace:
#0 /Users/rasel/Sites/SwedensChoice/wp-content/plugins/astra-sites/inc/importers/batch-processing/class-astra-sites-batch-processing-elementor.php(122): Elementor\Core\Base\Document->get_elements_raw_data(Array, true)
#1 /Users/rasel/Sites/SwedensChoice/wp-content/plugins/astra-sites/inc/importers/batch-processing/class-astra-sites-batch-processing-elementor.php(66): Elementor\TemplateLibrary\Astra_Sites_Batch_Processing_Elementor->import_single_post(225)
#2 /Users/rasel/Sites/SwedensChoice/wp-content/plugins/astra-sites/inc/importers/batch-processing/helpers/class-wp-background-process-astra.php(41): Elementor\TemplateLibrary\Astra_Sites_Batch_Processing_Elementor->import()
#3 /Users/rasel/Sites/SwedensChoice/wp-content/plugins/astra-addon/classes/library/batch-processing/wp-background-process.php(294): WP_Background_Process_Astra->task(Object(Elementor\TemplateLibrary\Astra_Sites_Batch_Processing_Elementor))
#4 /Users/rasel/Sites/SwedensChoice/wp-content/plugins/astra-addon/classes/library/batch-processing/wp-background-process.php(440): WP_Background_Process->handle()
#5 /Users/rasel/Sites/SwedensChoice/wp-includes/class-wp-hook.php(308): WP_Background_Process->handle_cron_healthcheck()
#6 /Users/rasel/Sites/SwedensChoice/wp-includes/class-wp-hook.php(332): WP_Hook->apply_filters('', Array)
#7 /Users/rasel/Sites/SwedensChoice/wp-includes/plugin.php(565): WP_Hook->do_action(Array)
#8 /Users/rasel/Sites/SwedensChoice/wp-cron.php(188): do_action_ref_array('wp_image_proces...', Array)
#9 {main}
  thrown in /Users/rasel/Sites/SwedensChoice/wp-content/plugins/elementor/core/base/document.php on line 951

2023-02-05T06:47:55+00:00 CRITICAL Uncaught Exception: Invalid data: {"data":["Array","Array","Array"],"element":"Array"} in /Users/rasel/Sites/SwedensChoice/wp-content/plugins/elementor/core/base/document.php:951
Stack trace:
#0 /Users/rasel/Sites/SwedensChoice/wp-content/plugins/astra-sites/inc/importers/batch-processing/class-astra-sites-batch-processing-elementor.php(122): Elementor\Core\Base\Document->get_elements_raw_data(Array, true)
#1 /Users/rasel/Sites/SwedensChoice/wp-content/plugins/astra-sites/inc/importers/batch-processing/class-astra-sites-batch-processing-elementor.php(66): Elementor\TemplateLibrary\Astra_Sites_Batch_Processing_Elementor->import_single_post(225)
#2 /Users/rasel/Sites/SwedensChoice/wp-content/plugins/astra-sites/inc/importers/batch-processing/helpers/class-wp-background-process-astra.php(41): Elementor\TemplateLibrary\Astra_Sites_Batch_Processing_Elementor->import()
#3 /Users/rasel/Sites/SwedensChoice/wp-content/plugins/astra-addon/classes/library/batch-processing/wp-background-process.php(294): WP_Background_Process_Astra->task(Object(Elementor\TemplateLibrary\Astra_Sites_Batch_Processing_Elementor))
#4 /Users/rasel/Sites/SwedensChoice/wp-content/plugins/astra-addon/classes/library/batch-processing/wp-background-process.php(440): WP_Background_Process->handle()
#5 /Users/rasel/Sites/SwedensChoice/wp-includes/class-wp-hook.php(308): WP_Background_Process->handle_cron_healthcheck()
#6 /Users/rasel/Sites/SwedensChoice/wp-includes/class-wp-hook.php(332): WP_Hook->apply_filters('', Array)
#7 /Users/rasel/Sites/SwedensChoice/wp-includes/plugin.php(565): WP_Hook->do_action(Array)
#8 /Users/rasel/Sites/SwedensChoice/wp-cron.php(188): do_action_ref_array('wp_image_proces...', Array)
#9 {main}
  thrown in /Users/rasel/Sites/SwedensChoice/wp-content/plugins/elementor/core/base/document.php on line 951

2023-02-05T06:51:55+00:00 CRITICAL Uncaught Exception: Invalid data: {"data":["Array","Array","Array"],"element":"Array"} in /Users/rasel/Sites/SwedensChoice/wp-content/plugins/elementor/core/base/document.php:951
Stack trace:
#0 /Users/rasel/Sites/SwedensChoice/wp-content/plugins/astra-sites/inc/importers/batch-processing/class-astra-sites-batch-processing-elementor.php(122): Elementor\Core\Base\Document->get_elements_raw_data(Array, true)
#1 /Users/rasel/Sites/SwedensChoice/wp-content/plugins/astra-sites/inc/importers/batch-processing/class-astra-sites-batch-processing-elementor.php(66): Elementor\TemplateLibrary\Astra_Sites_Batch_Processing_Elementor->import_single_post(225)
#2 /Users/rasel/Sites/SwedensChoice/wp-content/plugins/astra-sites/inc/importers/batch-processing/helpers/class-wp-background-process-astra.php(41): Elementor\TemplateLibrary\Astra_Sites_Batch_Processing_Elementor->import()
#3 /Users/rasel/Sites/SwedensChoice/wp-content/plugins/astra-addon/classes/library/batch-processing/wp-background-process.php(294): WP_Background_Process_Astra->task(Object(Elementor\TemplateLibrary\Astra_Sites_Batch_Processing_Elementor))
#4 /Users/rasel/Sites/SwedensChoice/wp-content/plugins/astra-addon/classes/library/batch-processing/wp-background-process.php(440): WP_Background_Process->handle()
#5 /Users/rasel/Sites/SwedensChoice/wp-includes/class-wp-hook.php(308): WP_Background_Process->handle_cron_healthcheck()
#6 /Users/rasel/Sites/SwedensChoice/wp-includes/class-wp-hook.php(332): WP_Hook->apply_filters('', Array)
#7 /Users/rasel/Sites/SwedensChoice/wp-includes/plugin.php(565): WP_Hook->do_action(Array)
#8 /Users/rasel/Sites/SwedensChoice/wp-cron.php(188): do_action_ref_array('wp_image_proces...', Array)
#9 {main}
  thrown in /Users/rasel/Sites/SwedensChoice/wp-content/plugins/elementor/core/base/document.php on line 951

2023-02-05T06:56:07+00:00 CRITICAL Uncaught Exception: Invalid data: {"data":["Array","Array","Array"],"element":"Array"} in /Users/rasel/Sites/SwedensChoice/wp-content/plugins/elementor/core/base/document.php:951
Stack trace:
#0 /Users/rasel/Sites/SwedensChoice/wp-content/plugins/astra-sites/inc/importers/batch-processing/class-astra-sites-batch-processing-elementor.php(122): Elementor\Core\Base\Document->get_elements_raw_data(Array, true)
#1 /Users/rasel/Sites/SwedensChoice/wp-content/plugins/astra-sites/inc/importers/batch-processing/class-astra-sites-batch-processing-elementor.php(66): Elementor\TemplateLibrary\Astra_Sites_Batch_Processing_Elementor->import_single_post(225)
#2 /Users/rasel/Sites/SwedensChoice/wp-content/plugins/astra-sites/inc/importers/batch-processing/helpers/class-wp-background-process-astra.php(41): Elementor\TemplateLibrary\Astra_Sites_Batch_Processing_Elementor->import()
#3 /Users/rasel/Sites/SwedensChoice/wp-content/plugins/astra-addon/classes/library/batch-processing/wp-background-process.php(294): WP_Background_Process_Astra->task(Object(Elementor\TemplateLibrary\Astra_Sites_Batch_Processing_Elementor))
#4 /Users/rasel/Sites/SwedensChoice/wp-content/plugins/astra-addon/classes/library/batch-processing/wp-background-process.php(440): WP_Background_Process->handle()
#5 /Users/rasel/Sites/SwedensChoice/wp-includes/class-wp-hook.php(308): WP_Background_Process->handle_cron_healthcheck()
#6 /Users/rasel/Sites/SwedensChoice/wp-includes/class-wp-hook.php(332): WP_Hook->apply_filters('', Array)
#7 /Users/rasel/Sites/SwedensChoice/wp-includes/plugin.php(565): WP_Hook->do_action(Array)
#8 /Users/rasel/Sites/SwedensChoice/wp-cron.php(188): do_action_ref_array('wp_image_proces...', Array)
#9 {main}
  thrown in /Users/rasel/Sites/SwedensChoice/wp-content/plugins/elementor/core/base/document.php on line 951

2023-02-05T07:01:59+00:00 CRITICAL Uncaught Exception: Invalid data: {"data":["Array","Array","Array"],"element":"Array"} in /Users/rasel/Sites/SwedensChoice/wp-content/plugins/elementor/core/base/document.php:951
Stack trace:
#0 /Users/rasel/Sites/SwedensChoice/wp-content/plugins/astra-sites/inc/importers/batch-processing/class-astra-sites-batch-processing-elementor.php(122): Elementor\Core\Base\Document->get_elements_raw_data(Array, true)
#1 /Users/rasel/Sites/SwedensChoice/wp-content/plugins/astra-sites/inc/importers/batch-processing/class-astra-sites-batch-processing-elementor.php(66): Elementor\TemplateLibrary\Astra_Sites_Batch_Processing_Elementor->import_single_post(225)
#2 /Users/rasel/Sites/SwedensChoice/wp-content/plugins/astra-sites/inc/importers/batch-processing/helpers/class-wp-background-process-astra.php(41): Elementor\TemplateLibrary\Astra_Sites_Batch_Processing_Elementor->import()
#3 /Users/rasel/Sites/SwedensChoice/wp-content/plugins/astra-addon/classes/library/batch-processing/wp-background-process.php(294): WP_Background_Process_Astra->task(Object(Elementor\TemplateLibrary\Astra_Sites_Batch_Processing_Elementor))
#4 /Users/rasel/Sites/SwedensChoice/wp-content/plugins/astra-addon/classes/library/batch-processing/wp-background-process.php(440): WP_Background_Process->handle()
#5 /Users/rasel/Sites/SwedensChoice/wp-includes/class-wp-hook.php(308): WP_Background_Process->handle_cron_healthcheck()
#6 /Users/rasel/Sites/SwedensChoice/wp-includes/class-wp-hook.php(332): WP_Hook->apply_filters('', Array)
#7 /Users/rasel/Sites/SwedensChoice/wp-includes/plugin.php(565): WP_Hook->do_action(Array)
#8 /Users/rasel/Sites/SwedensChoice/wp-cron.php(188): do_action_ref_array('wp_image_proces...', Array)
#9 {main}
  thrown in /Users/rasel/Sites/SwedensChoice/wp-content/plugins/elementor/core/base/document.php on line 951

2023-02-05T07:06:11+00:00 CRITICAL Uncaught Exception: Invalid data: {"data":["Array","Array","Array"],"element":"Array"} in /Users/rasel/Sites/SwedensChoice/wp-content/plugins/elementor/core/base/document.php:951
Stack trace:
#0 /Users/rasel/Sites/SwedensChoice/wp-content/plugins/astra-sites/inc/importers/batch-processing/class-astra-sites-batch-processing-elementor.php(122): Elementor\Core\Base\Document->get_elements_raw_data(Array, true)
#1 /Users/rasel/Sites/SwedensChoice/wp-content/plugins/astra-sites/inc/importers/batch-processing/class-astra-sites-batch-processing-elementor.php(66): Elementor\TemplateLibrary\Astra_Sites_Batch_Processing_Elementor->import_single_post(225)
#2 /Users/rasel/Sites/SwedensChoice/wp-content/plugins/astra-sites/inc/importers/batch-processing/helpers/class-wp-background-process-astra.php(41): Elementor\TemplateLibrary\Astra_Sites_Batch_Processing_Elementor->import()
#3 /Users/rasel/Sites/SwedensChoice/wp-content/plugins/astra-addon/classes/library/batch-processing/wp-background-process.php(294): WP_Background_Process_Astra->task(Object(Elementor\TemplateLibrary\Astra_Sites_Batch_Processing_Elementor))
#4 /Users/rasel/Sites/SwedensChoice/wp-content/plugins/astra-addon/classes/library/batch-processing/wp-background-process.php(440): WP_Background_Process->handle()
#5 /Users/rasel/Sites/SwedensChoice/wp-includes/class-wp-hook.php(308): WP_Background_Process->handle_cron_healthcheck()
#6 /Users/rasel/Sites/SwedensChoice/wp-includes/class-wp-hook.php(332): WP_Hook->apply_filters('', Array)
#7 /Users/rasel/Sites/SwedensChoice/wp-includes/plugin.php(565): WP_Hook->do_action(Array)
#8 /Users/rasel/Sites/SwedensChoice/wp-cron.php(188): do_action_ref_array('wp_image_proces...', Array)
#9 {main}
  thrown in /Users/rasel/Sites/SwedensChoice/wp-content/plugins/elementor/core/base/document.php on line 951

2023-02-05T07:12:03+00:00 CRITICAL Uncaught Exception: Invalid data: {"data":["Array","Array","Array"],"element":"Array"} in /Users/rasel/Sites/SwedensChoice/wp-content/plugins/elementor/core/base/document.php:951
Stack trace:
#0 /Users/rasel/Sites/SwedensChoice/wp-content/plugins/astra-sites/inc/importers/batch-processing/class-astra-sites-batch-processing-elementor.php(122): Elementor\Core\Base\Document->get_elements_raw_data(Array, true)
#1 /Users/rasel/Sites/SwedensChoice/wp-content/plugins/astra-sites/inc/importers/batch-processing/class-astra-sites-batch-processing-elementor.php(66): Elementor\TemplateLibrary\Astra_Sites_Batch_Processing_Elementor->import_single_post(225)
#2 /Users/rasel/Sites/SwedensChoice/wp-content/plugins/astra-sites/inc/importers/batch-processing/helpers/class-wp-background-process-astra.php(41): Elementor\TemplateLibrary\Astra_Sites_Batch_Processing_Elementor->import()
#3 /Users/rasel/Sites/SwedensChoice/wp-content/plugins/astra-addon/classes/library/batch-processing/wp-background-process.php(294): WP_Background_Process_Astra->task(Object(Elementor\TemplateLibrary\Astra_Sites_Batch_Processing_Elementor))
#4 /Users/rasel/Sites/SwedensChoice/wp-content/plugins/astra-addon/classes/library/batch-processing/wp-background-process.php(440): WP_Background_Process->handle()
#5 /Users/rasel/Sites/SwedensChoice/wp-includes/class-wp-hook.php(308): WP_Background_Process->handle_cron_healthcheck()
#6 /Users/rasel/Sites/SwedensChoice/wp-includes/class-wp-hook.php(332): WP_Hook->apply_filters('', Array)
#7 /Users/rasel/Sites/SwedensChoice/wp-includes/plugin.php(565): WP_Hook->do_action(Array)
#8 /Users/rasel/Sites/SwedensChoice/wp-cron.php(188): do_action_ref_array('wp_image_proces...', Array)
#9 {main}
  thrown in /Users/rasel/Sites/SwedensChoice/wp-content/plugins/elementor/core/base/document.php on line 951

2023-02-05T07:16:05+00:00 CRITICAL Uncaught Exception: Invalid data: {"data":["Array","Array","Array"],"element":"Array"} in /Users/rasel/Sites/SwedensChoice/wp-content/plugins/elementor/core/base/document.php:951
Stack trace:
#0 /Users/rasel/Sites/SwedensChoice/wp-content/plugins/astra-sites/inc/importers/batch-processing/class-astra-sites-batch-processing-elementor.php(122): Elementor\Core\Base\Document->get_elements_raw_data(Array, true)
#1 /Users/rasel/Sites/SwedensChoice/wp-content/plugins/astra-sites/inc/importers/batch-processing/class-astra-sites-batch-processing-elementor.php(66): Elementor\TemplateLibrary\Astra_Sites_Batch_Processing_Elementor->import_single_post(225)
#2 /Users/rasel/Sites/SwedensChoice/wp-content/plugins/astra-sites/inc/importers/batch-processing/helpers/class-wp-background-process-astra.php(41): Elementor\TemplateLibrary\Astra_Sites_Batch_Processing_Elementor->import()
#3 /Users/rasel/Sites/SwedensChoice/wp-content/plugins/astra-addon/classes/library/batch-processing/wp-background-process.php(294): WP_Background_Process_Astra->task(Object(Elementor\TemplateLibrary\Astra_Sites_Batch_Processing_Elementor))
#4 /Users/rasel/Sites/SwedensChoice/wp-content/plugins/astra-addon/classes/library/batch-processing/wp-background-process.php(440): WP_Background_Process->handle()
#5 /Users/rasel/Sites/SwedensChoice/wp-includes/class-wp-hook.php(308): WP_Background_Process->handle_cron_healthcheck()
#6 /Users/rasel/Sites/SwedensChoice/wp-includes/class-wp-hook.php(332): WP_Hook->apply_filters('', Array)
#7 /Users/rasel/Sites/SwedensChoice/wp-includes/plugin.php(565): WP_Hook->do_action(Array)
#8 /Users/rasel/Sites/SwedensChoice/wp-cron.php(188): do_action_ref_array('wp_image_proces...', Array)
#9 {main}
  thrown in /Users/rasel/Sites/SwedensChoice/wp-content/plugins/elementor/core/base/document.php on line 951

2023-02-05T07:22:06+00:00 CRITICAL Uncaught Exception: Invalid data: {"data":["Array","Array","Array"],"element":"Array"} in /Users/rasel/Sites/SwedensChoice/wp-content/plugins/elementor/core/base/document.php:951
Stack trace:
#0 /Users/rasel/Sites/SwedensChoice/wp-content/plugins/astra-sites/inc/importers/batch-processing/class-astra-sites-batch-processing-elementor.php(122): Elementor\Core\Base\Document->get_elements_raw_data(Array, true)
#1 /Users/rasel/Sites/SwedensChoice/wp-content/plugins/astra-sites/inc/importers/batch-processing/class-astra-sites-batch-processing-elementor.php(66): Elementor\TemplateLibrary\Astra_Sites_Batch_Processing_Elementor->import_single_post(225)
#2 /Users/rasel/Sites/SwedensChoice/wp-content/plugins/astra-sites/inc/importers/batch-processing/helpers/class-wp-background-process-astra.php(41): Elementor\TemplateLibrary\Astra_Sites_Batch_Processing_Elementor->import()
#3 /Users/rasel/Sites/SwedensChoice/wp-content/plugins/astra-addon/classes/library/batch-processing/wp-background-process.php(294): WP_Background_Process_Astra->task(Object(Elementor\TemplateLibrary\Astra_Sites_Batch_Processing_Elementor))
#4 /Users/rasel/Sites/SwedensChoice/wp-content/plugins/astra-addon/classes/library/batch-processing/wp-background-process.php(440): WP_Background_Process->handle()
#5 /Users/rasel/Sites/SwedensChoice/wp-includes/class-wp-hook.php(308): WP_Background_Process->handle_cron_healthcheck()
#6 /Users/rasel/Sites/SwedensChoice/wp-includes/class-wp-hook.php(332): WP_Hook->apply_filters('', Array)
#7 /Users/rasel/Sites/SwedensChoice/wp-includes/plugin.php(565): WP_Hook->do_action(Array)
#8 /Users/rasel/Sites/SwedensChoice/wp-cron.php(188): do_action_ref_array('wp_image_proces...', Array)
#9 {main}
  thrown in /Users/rasel/Sites/SwedensChoice/wp-content/plugins/elementor/core/base/document.php on line 951

2023-02-05T07:26:14+00:00 CRITICAL Uncaught Exception: Invalid data: {"data":["Array","Array","Array"],"element":"Array"} in /Users/rasel/Sites/SwedensChoice/wp-content/plugins/elementor/core/base/document.php:951
Stack trace:
#0 /Users/rasel/Sites/SwedensChoice/wp-content/plugins/astra-sites/inc/importers/batch-processing/class-astra-sites-batch-processing-elementor.php(122): Elementor\Core\Base\Document->get_elements_raw_data(Array, true)
#1 /Users/rasel/Sites/SwedensChoice/wp-content/plugins/astra-sites/inc/importers/batch-processing/class-astra-sites-batch-processing-elementor.php(66): Elementor\TemplateLibrary\Astra_Sites_Batch_Processing_Elementor->import_single_post(225)
#2 /Users/rasel/Sites/SwedensChoice/wp-content/plugins/astra-sites/inc/importers/batch-processing/helpers/class-wp-background-process-astra.php(41): Elementor\TemplateLibrary\Astra_Sites_Batch_Processing_Elementor->import()
#3 /Users/rasel/Sites/SwedensChoice/wp-content/plugins/astra-addon/classes/library/batch-processing/wp-background-process.php(294): WP_Background_Process_Astra->task(Object(Elementor\TemplateLibrary\Astra_Sites_Batch_Processing_Elementor))
#4 /Users/rasel/Sites/SwedensChoice/wp-content/plugins/astra-addon/classes/library/batch-processing/wp-background-process.php(440): WP_Background_Process->handle()
#5 /Users/rasel/Sites/SwedensChoice/wp-includes/class-wp-hook.php(308): WP_Background_Process->handle_cron_healthcheck()
#6 /Users/rasel/Sites/SwedensChoice/wp-includes/class-wp-hook.php(332): WP_Hook->apply_filters('', Array)
#7 /Users/rasel/Sites/SwedensChoice/wp-includes/plugin.php(565): WP_Hook->do_action(Array)
#8 /Users/rasel/Sites/SwedensChoice/wp-cron.php(188): do_action_ref_array('wp_image_proces...', Array)
#9 {main}
  thrown in /Users/rasel/Sites/SwedensChoice/wp-content/plugins/elementor/core/base/document.php on line 951

2023-02-05T07:32:16+00:00 CRITICAL Uncaught Exception: Invalid data: {"data":["Array","Array","Array"],"element":"Array"} in /Users/rasel/Sites/SwedensChoice/wp-content/plugins/elementor/core/base/document.php:951
Stack trace:
#0 /Users/rasel/Sites/SwedensChoice/wp-content/plugins/astra-sites/inc/importers/batch-processing/class-astra-sites-batch-processing-elementor.php(122): Elementor\Core\Base\Document->get_elements_raw_data(Array, true)
#1 /Users/rasel/Sites/SwedensChoice/wp-content/plugins/astra-sites/inc/importers/batch-processing/class-astra-sites-batch-processing-elementor.php(66): Elementor\TemplateLibrary\Astra_Sites_Batch_Processing_Elementor->import_single_post(225)
#2 /Users/rasel/Sites/SwedensChoice/wp-content/plugins/astra-sites/inc/importers/batch-processing/helpers/class-wp-background-process-astra.php(41): Elementor\TemplateLibrary\Astra_Sites_Batch_Processing_Elementor->import()
#3 /Users/rasel/Sites/SwedensChoice/wp-content/plugins/astra-addon/classes/library/batch-processing/wp-background-process.php(294): WP_Background_Process_Astra->task(Object(Elementor\TemplateLibrary\Astra_Sites_Batch_Processing_Elementor))
#4 /Users/rasel/Sites/SwedensChoice/wp-content/plugins/astra-addon/classes/library/batch-processing/wp-background-process.php(440): WP_Background_Process->handle()
#5 /Users/rasel/Sites/SwedensChoice/wp-includes/class-wp-hook.php(308): WP_Background_Process->handle_cron_healthcheck()
#6 /Users/rasel/Sites/SwedensChoice/wp-includes/class-wp-hook.php(332): WP_Hook->apply_filters('', Array)
#7 /Users/rasel/Sites/SwedensChoice/wp-includes/plugin.php(565): WP_Hook->do_action(Array)
#8 /Users/rasel/Sites/SwedensChoice/wp-cron.php(188): do_action_ref_array('wp_image_proces...', Array)
#9 {main}
  thrown in /Users/rasel/Sites/SwedensChoice/wp-content/plugins/elementor/core/base/document.php on line 951

2023-02-05T07:36:18+00:00 CRITICAL Uncaught Exception: Invalid data: {"data":["Array","Array","Array"],"element":"Array"} in /Users/rasel/Sites/SwedensChoice/wp-content/plugins/elementor/core/base/document.php:951
Stack trace:
#0 /Users/rasel/Sites/SwedensChoice/wp-content/plugins/astra-sites/inc/importers/batch-processing/class-astra-sites-batch-processing-elementor.php(122): Elementor\Core\Base\Document->get_elements_raw_data(Array, true)
#1 /Users/rasel/Sites/SwedensChoice/wp-content/plugins/astra-sites/inc/importers/batch-processing/class-astra-sites-batch-processing-elementor.php(66): Elementor\TemplateLibrary\Astra_Sites_Batch_Processing_Elementor->import_single_post(225)
#2 /Users/rasel/Sites/SwedensChoice/wp-content/plugins/astra-sites/inc/importers/batch-processing/helpers/class-wp-background-process-astra.php(41): Elementor\TemplateLibrary\Astra_Sites_Batch_Processing_Elementor->import()
#3 /Users/rasel/Sites/SwedensChoice/wp-content/plugins/astra-addon/classes/library/batch-processing/wp-background-process.php(294): WP_Background_Process_Astra->task(Object(Elementor\TemplateLibrary\Astra_Sites_Batch_Processing_Elementor))
#4 /Users/rasel/Sites/SwedensChoice/wp-content/plugins/astra-addon/classes/library/batch-processing/wp-background-process.php(440): WP_Background_Process->handle()
#5 /Users/rasel/Sites/SwedensChoice/wp-includes/class-wp-hook.php(308): WP_Background_Process->handle_cron_healthcheck()
#6 /Users/rasel/Sites/SwedensChoice/wp-includes/class-wp-hook.php(332): WP_Hook->apply_filters('', Array)
#7 /Users/rasel/Sites/SwedensChoice/wp-includes/plugin.php(565): WP_Hook->do_action(Array)
#8 /Users/rasel/Sites/SwedensChoice/wp-cron.php(188): do_action_ref_array('wp_image_proces...', Array)
#9 {main}
  thrown in /Users/rasel/Sites/SwedensChoice/wp-content/plugins/elementor/core/base/document.php on line 951

2023-02-05T07:41:20+00:00 CRITICAL Uncaught Exception: Invalid data: {"data":["Array","Array","Array"],"element":"Array"} in /Users/rasel/Sites/SwedensChoice/wp-content/plugins/elementor/core/base/document.php:951
Stack trace:
#0 /Users/rasel/Sites/SwedensChoice/wp-content/plugins/astra-sites/inc/importers/batch-processing/class-astra-sites-batch-processing-elementor.php(122): Elementor\Core\Base\Document->get_elements_raw_data(Array, true)
#1 /Users/rasel/Sites/SwedensChoice/wp-content/plugins/astra-sites/inc/importers/batch-processing/class-astra-sites-batch-processing-elementor.php(66): Elementor\TemplateLibrary\Astra_Sites_Batch_Processing_Elementor->import_single_post(225)
#2 /Users/rasel/Sites/SwedensChoice/wp-content/plugins/astra-sites/inc/importers/batch-processing/helpers/class-wp-background-process-astra.php(41): Elementor\TemplateLibrary\Astra_Sites_Batch_Processing_Elementor->import()
#3 /Users/rasel/Sites/SwedensChoice/wp-content/plugins/astra-addon/classes/library/batch-processing/wp-background-process.php(294): WP_Background_Process_Astra->task(Object(Elementor\TemplateLibrary\Astra_Sites_Batch_Processing_Elementor))
#4 /Users/rasel/Sites/SwedensChoice/wp-content/plugins/astra-addon/classes/library/batch-processing/wp-background-process.php(440): WP_Background_Process->handle()
#5 /Users/rasel/Sites/SwedensChoice/wp-includes/class-wp-hook.php(308): WP_Background_Process->handle_cron_healthcheck()
#6 /Users/rasel/Sites/SwedensChoice/wp-includes/class-wp-hook.php(332): WP_Hook->apply_filters('', Array)
#7 /Users/rasel/Sites/SwedensChoice/wp-includes/plugin.php(565): WP_Hook->do_action(Array)
#8 /Users/rasel/Sites/SwedensChoice/wp-cron.php(188): do_action_ref_array('wp_image_proces...', Array)
#9 {main}
  thrown in /Users/rasel/Sites/SwedensChoice/wp-content/plugins/elementor/core/base/document.php on line 951

2023-02-05T07:46:26+00:00 CRITICAL Uncaught Exception: Invalid data: {"data":["Array","Array","Array"],"element":"Array"} in /Users/rasel/Sites/SwedensChoice/wp-content/plugins/elementor/core/base/document.php:951
Stack trace:
#0 /Users/rasel/Sites/SwedensChoice/wp-content/plugins/astra-sites/inc/importers/batch-processing/class-astra-sites-batch-processing-elementor.php(122): Elementor\Core\Base\Document->get_elements_raw_data(Array, true)
#1 /Users/rasel/Sites/SwedensChoice/wp-content/plugins/astra-sites/inc/importers/batch-processing/class-astra-sites-batch-processing-elementor.php(66): Elementor\TemplateLibrary\Astra_Sites_Batch_Processing_Elementor->import_single_post(225)
#2 /Users/rasel/Sites/SwedensChoice/wp-content/plugins/astra-sites/inc/importers/batch-processing/helpers/class-wp-background-process-astra.php(41): Elementor\TemplateLibrary\Astra_Sites_Batch_Processing_Elementor->import()
#3 /Users/rasel/Sites/SwedensChoice/wp-content/plugins/astra-addon/classes/library/batch-processing/wp-background-process.php(294): WP_Background_Process_Astra->task(Object(Elementor\TemplateLibrary\Astra_Sites_Batch_Processing_Elementor))
#4 /Users/rasel/Sites/SwedensChoice/wp-content/plugins/astra-addon/classes/library/batch-processing/wp-background-process.php(440): WP_Background_Process->handle()
#5 /Users/rasel/Sites/SwedensChoice/wp-includes/class-wp-hook.php(308): WP_Background_Process->handle_cron_healthcheck()
#6 /Users/rasel/Sites/SwedensChoice/wp-includes/class-wp-hook.php(332): WP_Hook->apply_filters('', Array)
#7 /Users/rasel/Sites/SwedensChoice/wp-includes/plugin.php(565): WP_Hook->do_action(Array)
#8 /Users/rasel/Sites/SwedensChoice/wp-cron.php(188): do_action_ref_array('wp_image_proces...', Array)
#9 {main}
  thrown in /Users/rasel/Sites/SwedensChoice/wp-content/plugins/elementor/core/base/document.php on line 951

2023-02-05T07:51:23+00:00 CRITICAL Uncaught Exception: Invalid data: {"data":["Array","Array","Array"],"element":"Array"} in /Users/rasel/Sites/SwedensChoice/wp-content/plugins/elementor/core/base/document.php:951
Stack trace:
#0 /Users/rasel/Sites/SwedensChoice/wp-content/plugins/astra-sites/inc/importers/batch-processing/class-astra-sites-batch-processing-elementor.php(122): Elementor\Core\Base\Document->get_elements_raw_data(Array, true)
#1 /Users/rasel/Sites/SwedensChoice/wp-content/plugins/astra-sites/inc/importers/batch-processing/class-astra-sites-batch-processing-elementor.php(66): Elementor\TemplateLibrary\Astra_Sites_Batch_Processing_Elementor->import_single_post(225)
#2 /Users/rasel/Sites/SwedensChoice/wp-content/plugins/astra-sites/inc/importers/batch-processing/helpers/class-wp-background-process-astra.php(41): Elementor\TemplateLibrary\Astra_Sites_Batch_Processing_Elementor->import()
#3 /Users/rasel/Sites/SwedensChoice/wp-content/plugins/astra-addon/classes/library/batch-processing/wp-background-process.php(294): WP_Background_Process_Astra->task(Object(Elementor\TemplateLibrary\Astra_Sites_Batch_Processing_Elementor))
#4 /Users/rasel/Sites/SwedensChoice/wp-content/plugins/astra-addon/classes/library/batch-processing/wp-background-process.php(440): WP_Background_Process->handle()
#5 /Users/rasel/Sites/SwedensChoice/wp-includes/class-wp-hook.php(308): WP_Background_Process->handle_cron_healthcheck()
#6 /Users/rasel/Sites/SwedensChoice/wp-includes/class-wp-hook.php(332): WP_Hook->apply_filters('', Array)
#7 /Users/rasel/Sites/SwedensChoice/wp-includes/plugin.php(565): WP_Hook->do_action(Array)
#8 /Users/rasel/Sites/SwedensChoice/wp-cron.php(188): do_action_ref_array('wp_image_proces...', Array)
#9 {main}
  thrown in /Users/rasel/Sites/SwedensChoice/wp-content/plugins/elementor/core/base/document.php on line 951

